0 info it worked if it ends with ok
1 verbose cli [ 'C:\\Program Files\\nodejs\\node.exe',
1 verbose cli   'C:\\Program Files\\nodejs\\node_modules\\npm\\bin\\npm-cli.js',
1 verbose cli   'run',
1 verbose cli   'watch' ]
2 info using npm@3.10.8
3 info using node@v6.8.0
4 verbose run-script [ 'prewatch', 'watch', 'postwatch' ]
5 info lifecycle ionic-hello-world@~prewatch: ionic-hello-world@
6 silly lifecycle ionic-hello-world@~prewatch: no script for prewatch, continuing
7 info lifecycle ionic-hello-world@~watch: ionic-hello-world@
8 verbose lifecycle ionic-hello-world@~watch: unsafe-perm in lifecycle true
9 verbose lifecycle ionic-hello-world@~watch: PATH: C:\Program Files\nodejs\node_modules\npm\bin\node-gyp-bin;D:\Desktop\vkirirom\node_modules\.bin;C:\ProgramData\Oracle\Java\javapath;C:\WINDOWS\system32;C:\WINDOWS;C:\WINDOWS\System32\Wbem;C:\WINDOWS\System32\WindowsPowerShell\v1.0\;C:\Program Files\Git\cmd;C:\Python27;C:\Python27\Lib\site-packages;C:\Python27\Scripts;C:\Program Files (x86)\Skype\Phone\;C:\caddy\;C:\Program Files (x86)\GtkSharp\2.12\bin;C:\Program Files\nodejs\;C:\Program Files\Microsoft\Web Platform Installer\;C:\wamp64\bin\php\php5.6.19;C:\ProgramData\ComposerSetup\bin;C:\Users\phanith\AppData\Local\Android\sdk\platform-tools\;C:\RailsInstaller\Git\cmd;C:\RailsInstaller\Ruby2.2.0\bin;C:\Ruby23-x64\bin;C:\Program Files (x86)\Microsoft VS Code\bin;C:\Users\phanith\AppData\Roaming\npm;C:\Users\phanith\AppData\Roaming\Composer\vendor\bin
10 verbose lifecycle ionic-hello-world@~watch: CWD: D:\Desktop\vkirirom
11 silly lifecycle ionic-hello-world@~watch: Args: [ '/d /s /c', 'ionic-app-scripts watch' ]
12 silly lifecycle ionic-hello-world@~watch: Returned: code: 3221225786  signal: null
13 info lifecycle ionic-hello-world@~watch: Failed to exec watch script
14 verbose stack Error: ionic-hello-world@ watch: `ionic-app-scripts watch`
14 verbose stack Exit status 3221225786
14 verbose stack     at EventEmitter.<anonymous> (C:\Program Files\nodejs\node_modules\npm\lib\utils\lifecycle.js:255:16)
14 verbose stack     at emitTwo (events.js:106:13)
14 verbose stack     at EventEmitter.emit (events.js:191:7)
14 verbose stack     at ChildProcess.<anonymous> (C:\Program Files\nodejs\node_modules\npm\lib\utils\spawn.js:40:14)
14 verbose stack     at emitTwo (events.js:106:13)
14 verbose stack     at ChildProcess.emit (events.js:191:7)
14 verbose stack     at maybeClose (internal/child_process.js:877:16)
14 verbose stack     at Process.ChildProcess._handle.onexit (internal/child_process.js:226:5)
15 verbose pkgid ionic-hello-world@
16 verbose cwd D:\Desktop\vkirirom
17 error Windows_NT 10.0.10586
18 error argv "C:\\Program Files\\nodejs\\node.exe" "C:\\Program Files\\nodejs\\node_modules\\npm\\bin\\npm-cli.js" "run" "watch"
19 error node v6.8.0
20 error npm  v3.10.8
21 error code ELIFECYCLE
22 error ionic-hello-world@ watch: `ionic-app-scripts watch`
22 error Exit status 3221225786
23 error Failed at the ionic-hello-world@ watch script 'ionic-app-scripts watch'.
23 error Make sure you have the latest version of node.js and npm installed.
23 error If you do, this is most likely a problem with the ionic-hello-world package,
23 error not with npm itself.
23 error Tell the author that this fails on your system:
23 error     ionic-app-scripts watch
23 error You can get information on how to open an issue for this project with:
23 error     npm bugs ionic-hello-world
23 error Or if that isn't available, you can get their info via:
23 error     npm owner ls ionic-hello-world
23 error There is likely additional logging output above.
24 verbose exit [ 1, true ]
